<?xml version="1.0" encoding="UTF-8"?>
<!-- Generated by org.testng.reporters.JUnitReportReporter -->
<testsuite skipped="0" hostname="DESKTOP-I8IVSTL" name="Dropdown.learnigassertion" tests="1" failures="0" timestamp="2020-07-07T17:11:52 CDT" time="7.900" errors="0">
  <testcase name="l" time="7.900" classname="Dropdown.learnigassertion"/>
  <system-out/>
</testsuite> <!-- Dropdown.learnigassertion -->
