<?xml version="1.0" encoding="UTF-8"?>
<!-- Generated by org.testng.reporters.JUnitReportReporter -->
<testsuite skipped="0" hostname="DESKTOP-I8IVSTL" name="Dropdown.CRMTest" tests="1" failures="0" timestamp="2020-07-08T01:18:40 CDT" time="8.517" errors="0">
  <testcase name="loginTest1" time="8.517" classname="Dropdown.CRMTest"/>
  <system-out/>
</testsuite> <!-- Dropdown.CRMTest -->
